<html>
<head>
<title>TestNG:  Test</title>
<link href="../testng.css" rel="stylesheet" type="text/css" />
<link href="../my-testng.css" rel="stylesheet" type="text/css" />

<style type="text/css">
.log { display: none;} 
.stack-trace { display: none;} 
</style>
<script type="text/javascript">
<!--
function flip(e) {
  current = e.style.display;
  if (current == 'block') {
    e.style.display = 'none';
    return 0;
  }
  else {
    e.style.display = 'block';
    return 1;
  }
}

function toggleBox(szDivId, elem, msg1, msg2)
{
  var res = -1;  if (document.getElementById) {
    res = flip(document.getElementById(szDivId));
  }
  else if (document.all) {
    // this is the way old msie versions work
    res = flip(document.all[szDivId]);
  }
  if(elem) {
    if(res == 0) elem.innerHTML = msg1; else elem.innerHTML = msg2;
  }

}

function toggleAllBoxes() {
  if (document.getElementsByTagName) {
    d = document.getElementsByTagName('div');
    for (i = 0; i < d.length; i++) {
      if (d[i].className == 'log') {
        flip(d[i]);
      }
    }
  }
}

// -->
</script>

</head>
<body>
<h2 align='center'>Test</h2><table border='1' align="center">
<tr>
<td>Tests passed/Failed/Skipped:</td><td>2/3/0</td>
</tr><tr>
<td>Started on:</td><td>Fri Jul 12 01:00:07 IST 2019</td>
</tr>
<tr><td>Total time:</td><td>0 seconds (196 ms)</td>
</tr><tr>
<td>Included groups:</td><td></td>
</tr><tr>
<td>Excluded groups:</td><td></td>
</tr>
</table><p/>
<small><i>(Hover the method name to see the test class name)</i></small><p/>
<table width='100%' border='1' class='invocation-failed'>
<tr><td colspan='4' align='center'><b>FAILED TESTS</b></td></tr>
<tr><td><b>Test method</b></td>
<td width="30%"><b>Exception</b></td>
<td width="10%"><b>Time (seconds)</b></td>
<td><b>Instance</b></td>
</tr>
<tr>
<td title='com.schemaxtech.testAutomationFrameworkTest.TestAutomationUtilTest.fetchAttrPaths_ValiFile()'><b>fetchAttrPaths_ValiFile</b><br>Test class: com.schemaxtech.testAutomationFrameworkTest.TestAutomationUtilTest</td>
<td><div><pre>java.lang.NullPointerException
	at com.schemaxtech.testAutomationFramework.TestAutomationUtil.fetchAttrPaths(TestAutomationUtil.java:73)
	at com.schemaxtech.testAutomationFrameworkTest.TestAutomationUtilTest.fetchAttrPaths_ValiFile(TestAutomationUtilTest.java:41)
... Removed 25 stack frames</pre></div><a href='#' onClick='toggleBox("stack-trace1132547352", this, "Click to show all stack frames", "Click to hide stack frames")'>Click to show all stack frames</a>
<div class='stack-trace' id='stack-trace1132547352'><pre>java.lang.NullPointerException
	at com.schemaxtech.testAutomationFramework.TestAutomationUtil.fetchAttrPaths(TestAutomationUtil.java:73)
	at com.schemaxtech.testAutomationFrameworkTest.TestAutomationUtilTest.fetchAttrPaths_ValiFile(TestAutomationUtilTest.java:41)
	at sun.reflect.NativeMethodAccessorImpl.invoke0(Native Method)
	at sun.reflect.NativeMethodAccessorImpl.invoke(Unknown Source)
	at sun.reflect.DelegatingMethodAccessorImpl.invoke(Unknown Source)
	at java.lang.reflect.Method.invoke(Unknown Source)
	at org.testng.internal.MethodInvocationHelper.invokeMethod(MethodInvocationHelper.java:124)
	at org.testng.internal.Invoker.invokeMethod(Invoker.java:571)
	at org.testng.internal.Invoker.invokeTestMethod(Invoker.java:707)
	at org.testng.internal.Invoker.invokeTestMethods(Invoker.java:979)
	at org.testng.internal.TestMethodWorker.invokeTestMethods(TestMethodWorker.java:125)
	at org.testng.internal.TestMethodWorker.run(TestMethodWorker.java:109)
	at org.testng.TestRunner.privateRun(TestRunner.java:648)
	at org.testng.TestRunner.run(TestRunner.java:505)
	at org.testng.SuiteRunner.runTest(SuiteRunner.java:455)
	at org.testng.SuiteRunner.runSequentially(SuiteRunner.java:450)
	at org.testng.SuiteRunner.privateRun(SuiteRunner.java:415)
	at org.testng.SuiteRunner.run(SuiteRunner.java:364)
	at org.testng.SuiteRunnerWorker.runSuite(SuiteRunnerWorker.java:52)
	at org.testng.SuiteRunnerWorker.run(SuiteRunnerWorker.java:84)
	at org.testng.TestNG.runSuitesSequentially(TestNG.java:1187)
	at org.testng.TestNG.runSuitesLocally(TestNG.java:1116)
	at org.testng.TestNG.runSuites(TestNG.java:1028)
	at org.testng.TestNG.run(TestNG.java:996)
	at org.testng.remote.AbstractRemoteTestNG.run(AbstractRemoteTestNG.java:115)
	at org.testng.remote.RemoteTestNG.initAndRun(RemoteTestNG.java:251)
	at org.testng.remote.RemoteTestNG.main(RemoteTestNG.java:77)
</pre></div></td>
<td>0</td>
<td>com.schemaxtech.testAutomationFrameworkTest.TestAutomationUtilTest@475530b9</td></tr>
<tr>
<td title='com.schemaxtech.testAutomationFrameworkTest.TestAutomationUtilTest.jsonObject()'><b>jsonObject</b><br>Test class: com.schemaxtech.testAutomationFrameworkTest.TestAutomationUtilTest</td>
<td><div><pre>java.lang.AssertionError: expected object to not be null
	at com.schemaxtech.testAutomationFrameworkTest.TestAutomationUtilTest.jsonObject(TestAutomationUtilTest.java:56)
... Removed 28 stack frames</pre></div><a href='#' onClick='toggleBox("stack-trace1852584274", this, "Click to show all stack frames", "Click to hide stack frames")'>Click to show all stack frames</a>
<div class='stack-trace' id='stack-trace1852584274'><pre>java.lang.AssertionError: expected object to not be null
	at org.testng.Assert.fail(Assert.java:96)
	at org.testng.Assert.assertNotNull(Assert.java:686)
	at org.testng.Assert.assertNotNull(Assert.java:671)
	at com.schemaxtech.testAutomationFrameworkTest.TestAutomationUtilTest.jsonObject(TestAutomationUtilTest.java:56)
	at sun.reflect.NativeMethodAccessorImpl.invoke0(Native Method)
	at sun.reflect.NativeMethodAccessorImpl.invoke(Unknown Source)
	at sun.reflect.DelegatingMethodAccessorImpl.invoke(Unknown Source)
	at java.lang.reflect.Method.invoke(Unknown Source)
	at org.testng.internal.MethodInvocationHelper.invokeMethod(MethodInvocationHelper.java:124)
	at org.testng.internal.Invoker.invokeMethod(Invoker.java:571)
	at org.testng.internal.Invoker.invokeTestMethod(Invoker.java:707)
	at org.testng.internal.Invoker.invokeTestMethods(Invoker.java:979)
	at org.testng.internal.TestMethodWorker.invokeTestMethods(TestMethodWorker.java:125)
	at org.testng.internal.TestMethodWorker.run(TestMethodWorker.java:109)
	at org.testng.TestRunner.privateRun(TestRunner.java:648)
	at org.testng.TestRunner.run(TestRunner.java:505)
	at org.testng.SuiteRunner.runTest(SuiteRunner.java:455)
	at org.testng.SuiteRunner.runSequentially(SuiteRunner.java:450)
	at org.testng.SuiteRunner.privateRun(SuiteRunner.java:415)
	at org.testng.SuiteRunner.run(SuiteRunner.java:364)
	at org.testng.SuiteRunnerWorker.runSuite(SuiteRunnerWorker.java:52)
	at org.testng.SuiteRunnerWorker.run(SuiteRunnerWorker.java:84)
	at org.testng.TestNG.runSuitesSequentially(TestNG.java:1187)
	at org.testng.TestNG.runSuitesLocally(TestNG.java:1116)
	at org.testng.TestNG.runSuites(TestNG.java:1028)
	at org.testng.TestNG.run(TestNG.java:996)
	at org.testng.remote.AbstractRemoteTestNG.run(AbstractRemoteTestNG.java:115)
	at org.testng.remote.RemoteTestNG.initAndRun(RemoteTestNG.java:251)
	at org.testng.remote.RemoteTestNG.main(RemoteTestNG.java:77)
</pre></div></td>
<td>0</td>
<td>com.schemaxtech.testAutomationFrameworkTest.TestAutomationUtilTest@475530b9</td></tr>
<tr>
<td title='com.schemaxtech.testAutomationFrameworkTest.TestAutomationUtilTest.updatJsonWithTestData()'><b>updatJsonWithTestData</b><br>Test class: com.schemaxtech.testAutomationFrameworkTest.TestAutomationUtilTest</td>
<td><div><pre>java.lang.NullPointerException
	at com.schemaxtech.testAutomationFramework.TestAutomationUtil.fetchAttrPaths(TestAutomationUtil.java:73)
	at com.schemaxtech.testAutomationFrameworkTest.TestAutomationUtilTest.updatJsonWithTestData(TestAutomationUtilTest.java:63)
... Removed 25 stack frames</pre></div><a href='#' onClick='toggleBox("stack-trace846238611", this, "Click to show all stack frames", "Click to hide stack frames")'>Click to show all stack frames</a>
<div class='stack-trace' id='stack-trace846238611'><pre>java.lang.NullPointerException
	at com.schemaxtech.testAutomationFramework.TestAutomationUtil.fetchAttrPaths(TestAutomationUtil.java:73)
	at com.schemaxtech.testAutomationFrameworkTest.TestAutomationUtilTest.updatJsonWithTestData(TestAutomationUtilTest.java:63)
	at sun.reflect.NativeMethodAccessorImpl.invoke0(Native Method)
	at sun.reflect.NativeMethodAccessorImpl.invoke(Unknown Source)
	at sun.reflect.DelegatingMethodAccessorImpl.invoke(Unknown Source)
	at java.lang.reflect.Method.invoke(Unknown Source)
	at org.testng.internal.MethodInvocationHelper.invokeMethod(MethodInvocationHelper.java:124)
	at org.testng.internal.Invoker.invokeMethod(Invoker.java:571)
	at org.testng.internal.Invoker.invokeTestMethod(Invoker.java:707)
	at org.testng.internal.Invoker.invokeTestMethods(Invoker.java:979)
	at org.testng.internal.TestMethodWorker.invokeTestMethods(TestMethodWorker.java:125)
	at org.testng.internal.TestMethodWorker.run(TestMethodWorker.java:109)
	at org.testng.TestRunner.privateRun(TestRunner.java:648)
	at org.testng.TestRunner.run(TestRunner.java:505)
	at org.testng.SuiteRunner.runTest(SuiteRunner.java:455)
	at org.testng.SuiteRunner.runSequentially(SuiteRunner.java:450)
	at org.testng.SuiteRunner.privateRun(SuiteRunner.java:415)
	at org.testng.SuiteRunner.run(SuiteRunner.java:364)
	at org.testng.SuiteRunnerWorker.runSuite(SuiteRunnerWorker.java:52)
	at org.testng.SuiteRunnerWorker.run(SuiteRunnerWorker.java:84)
	at org.testng.TestNG.runSuitesSequentially(TestNG.java:1187)
	at org.testng.TestNG.runSuitesLocally(TestNG.java:1116)
	at org.testng.TestNG.runSuites(TestNG.java:1028)
	at org.testng.TestNG.run(TestNG.java:996)
	at org.testng.remote.AbstractRemoteTestNG.run(AbstractRemoteTestNG.java:115)
	at org.testng.remote.RemoteTestNG.initAndRun(RemoteTestNG.java:251)
	at org.testng.remote.RemoteTestNG.main(RemoteTestNG.java:77)
</pre></div></td>
<td>0</td>
<td>com.schemaxtech.testAutomationFrameworkTest.TestAutomationUtilTest@475530b9</td></tr>
</table><p>
<table width='100%' border='1' class='invocation-passed'>
<tr><td colspan='4' align='center'><b>PASSED TESTS</b></td></tr>
<tr><td><b>Test method</b></td>
<td width="30%"><b>Exception</b></td>
<td width="10%"><b>Time (seconds)</b></td>
<td><b>Instance</b></td>
</tr>
<tr>
<td title='com.schemaxtech.testAutomationFrameworkTest.TestAutomationUtilTest.fetchCsvTestData_ValidFile()'><b>fetchCsvTestData_ValidFile</b><br>Test class: com.schemaxtech.testAutomationFrameworkTest.TestAutomationUtilTest</td>
<td></td>
<td>0</td>
<td>com.schemaxtech.testAutomationFrameworkTest.TestAutomationUtilTest@475530b9</td></tr>
<tr>
<td title='com.schemaxtech.testAutomationFrameworkTest.TestAutomationUtilTest.readCsvTest_ValidFile()'><b>readCsvTest_ValidFile</b><br>Test class: com.schemaxtech.testAutomationFrameworkTest.TestAutomationUtilTest</td>
<td></td>
<td>0</td>
<td>com.schemaxtech.testAutomationFrameworkTest.TestAutomationUtilTest@475530b9</td></tr>
</table><p>
</body>
</html>